<?xml version="1.0" encoding="windows-1252" standalone="no"?>
<!DOCTYPE log SYSTEM "logger.dtd">
<log>
<record>
  <date>2018-05-25T23:09:19</date>
  <millis>1527286159767</millis>
  <sequence>0</sequence>
  <logger>org.uma.jmetal.util.JMetalLogger</logger>
  <level>INFO</level>
  <class>org.uma.jmetal.util.JMetalLogger</class>
  <method>configureLoggers</method>
  <thread>1</thread>
  <message>Loggers configured with null</message>
</record>
<record>
  <date>2018-05-25T23:09:19</date>
  <millis>1527286159771</millis>
  <sequence>1</sequence>
  <logger>org.uma.jmetal.util.JMetalLogger</logger>
  <level>INFO</level>
  <class>org.uma.jmetal.util.experiment.component.ExecuteAlgorithms</class>
  <method>run</method>
  <thread>1</thread>
  <message>ExecuteAlgorithms: Preparing output directory</message>
</record>
<record>
  <date>2018-05-25T23:09:19</date>
  <millis>1527286159777</millis>
  <sequence>2</sequence>
  <logger>org.uma.jmetal.util.JMetalLogger</logger>
  <level>INFO</level>
  <class>org.uma.jmetal.util.experiment.util.ExperimentAlgorithm</class>
  <method>runAlgorithm</method>
  <thread>1</thread>
  <message> Running algorithm: PAES, problem: MyProblemBinaryExternalViaJAR, run: 0, funFile: experimentBaseDirectory/MyProblemBinaryExternalViaJAR/data/PAES/MyProblemBinaryExternalViaJAR/FUN0.tsv</message>
</record>
<record>
  <date>2018-05-25T23:09:19</date>
  <millis>1527286159777</millis>
  <sequence>3</sequence>
  <logger>org.uma.jmetal.util.JMetalLogger</logger>
  <level>INFO</level>
  <class>org.uma.jmetal.util.experiment.util.ExperimentAlgorithm</class>
  <method>runAlgorithm</method>
  <thread>22</thread>
  <message> Running algorithm: SMSEMOA, problem: MyProblemBinaryExternalViaJAR, run: 0, funFile: experimentBaseDirectory/MyProblemBinaryExternalViaJAR/data/SMSEMOA/MyProblemBinaryExternalViaJAR/FUN0.tsv</message>
</record>
<record>
  <date>2018-05-25T23:09:19</date>
  <millis>1527286159779</millis>
  <sequence>4</sequence>
  <logger>org.uma.jmetal.util.JMetalLogger</logger>
  <level>INFO</level>
  <class>org.uma.jmetal.util.experiment.util.ExperimentAlgorithm</class>
  <method>runAlgorithm</method>
  <thread>23</thread>
  <message> Running algorithm: MOCell, problem: MyProblemBinaryExternalViaJAR, run: 0, funFile: experimentBaseDirectory/MyProblemBinaryExternalViaJAR/data/MOCell/MyProblemBinaryExternalViaJAR/FUN0.tsv</message>
</record>
<record>
  <date>2018-05-25T23:09:19</date>
  <millis>1527286159779</millis>
  <sequence>5</sequence>
  <logger>org.uma.jmetal.util.JMetalLogger</logger>
  <level>INFO</level>
  <class>org.uma.jmetal.util.experiment.util.ExperimentAlgorithm</class>
  <method>runAlgorithm</method>
  <thread>27</thread>
  <message> Running algorithm: MOCH, problem: MyProblemBinaryExternalViaJAR, run: 0, funFile: experimentBaseDirectory/MyProblemBinaryExternalViaJAR/data/MOCH/MyProblemBinaryExternalViaJAR/FUN0.tsv</message>
</record>
<record>
  <date>2018-05-25T23:09:19</date>
  <millis>1527286159780</millis>
  <sequence>7</sequence>
  <logger>org.uma.jmetal.util.JMetalLogger</logger>
  <level>INFO</level>
  <class>org.uma.jmetal.util.experiment.util.ExperimentAlgorithm</class>
  <method>runAlgorithm</method>
  <thread>26</thread>
  <message> Running algorithm: RandomSearch, problem: MyProblemBinaryExternalViaJAR, run: 0, funFile: experimentBaseDirectory/MyProblemBinaryExternalViaJAR/data/RandomSearch/MyProblemBinaryExternalViaJAR/FUN0.tsv</message>
</record>
<record>
  <date>2018-05-25T23:09:19</date>
  <millis>1527286159780</millis>
  <sequence>6</sequence>
  <logger>org.uma.jmetal.util.JMetalLogger</logger>
  <level>INFO</level>
  <class>org.uma.jmetal.util.experiment.util.ExperimentAlgorithm</class>
  <method>runAlgorithm</method>
  <thread>24</thread>
  <message> Running algorithm: NSGAII, problem: MyProblemBinaryExternalViaJAR, run: 0, funFile: experimentBaseDirectory/MyProblemBinaryExternalViaJAR/data/NSGAII/MyProblemBinaryExternalViaJAR/FUN0.tsv</message>
</record>
<record>
  <date>2018-05-25T23:09:19</date>
  <millis>1527286159780</millis>
  <sequence>8</sequence>
  <logger>org.uma.jmetal.util.JMetalLogger</logger>
  <level>INFO</level>
  <class>org.uma.jmetal.util.experiment.util.ExperimentAlgorithm</class>
  <method>runAlgorithm</method>
  <thread>25</thread>
  <message> Running algorithm: SPEA2, problem: MyProblemBinaryExternalViaJAR, run: 0, funFile: experimentBaseDirectory/MyProblemBinaryExternalViaJAR/data/SPEA2/MyProblemBinaryExternalViaJAR/FUN0.tsv</message>
</record>
<record>
  <date>2018-05-25T23:09:19</date>
  <millis>1527286159871</millis>
  <sequence>9</sequence>
  <logger>org.uma.jmetal.util.JMetalLogger</logger>
  <level>INFO</level>
  <class>org.uma.jmetal.util.experiment.component.ExecuteAlgorithms</class>
  <method>run</method>
  <thread>1</thread>
  <message>ExecuteAlgorithms: Preparing output directory</message>
</record>
<record>
  <date>2018-05-25T23:09:19</date>
  <millis>1527286159872</millis>
  <sequence>10</sequence>
  <logger>org.uma.jmetal.util.JMetalLogger</logger>
  <level>INFO</level>
  <class>org.uma.jmetal.util.experiment.util.ExperimentAlgorithm</class>
  <method>runAlgorithm</method>
  <thread>25</thread>
  <message> Running algorithm: GDE3, problem: MyProblemDoubleExternalViaJAR, run: 0, funFile: experimentBaseDirectory/ExperimentsDoubleExternalViaJAR/data/GDE3/MyProblemDoubleExternalViaJAR/FUN0.tsv</message>
</record>
<record>
  <date>2018-05-25T23:09:19</date>
  <millis>1527286159872</millis>
  <sequence>11</sequence>
  <logger>org.uma.jmetal.util.JMetalLogger</logger>
  <level>INFO</level>
  <class>org.uma.jmetal.util.experiment.util.ExperimentAlgorithm</class>
  <method>runAlgorithm</method>
  <thread>29</thread>
  <message> Running algorithm: NSGAII, problem: MyProblemDoubleExternalViaJAR, run: 0, funFile: experimentBaseDirectory/ExperimentsDoubleExternalViaJAR/data/NSGAII/MyProblemDoubleExternalViaJAR/FUN0.tsv</message>
</record>
<record>
  <date>2018-05-25T23:09:19</date>
  <millis>1527286159873</millis>
  <sequence>12</sequence>
  <logger>org.uma.jmetal.util.JMetalLogger</logger>
  <level>INFO</level>
  <class>org.uma.jmetal.util.experiment.util.ExperimentAlgorithm</class>
  <method>runAlgorithm</method>
  <thread>1</thread>
  <message> Running algorithm: MOEAD, problem: MyProblemDoubleExternalViaJAR, run: 0, funFile: experimentBaseDirectory/ExperimentsDoubleExternalViaJAR/data/MOEAD/MyProblemDoubleExternalViaJAR/FUN0.tsv</message>
</record>
<record>
  <date>2018-05-25T23:09:19</date>
  <millis>1527286159873</millis>
  <sequence>13</sequence>
  <logger>org.uma.jmetal.util.JMetalLogger</logger>
  <level>INFO</level>
  <class>org.uma.jmetal.util.experiment.util.ExperimentAlgorithm</class>
  <method>runAlgorithm</method>
  <thread>27</thread>
  <message> Running algorithm: RandomSearch, problem: MyProblemDoubleExternalViaJAR, run: 0, funFile: experimentBaseDirectory/ExperimentsDoubleExternalViaJAR/data/RandomSearch/MyProblemDoubleExternalViaJAR/FUN0.tsv</message>
</record>
<record>
  <date>2018-05-25T23:09:19</date>
  <millis>1527286159873</millis>
  <sequence>14</sequence>
  <logger>org.uma.jmetal.util.JMetalLogger</logger>
  <level>INFO</level>
  <class>org.uma.jmetal.util.experiment.util.ExperimentAlgorithm</class>
  <method>runAlgorithm</method>
  <thread>26</thread>
  <message> Running algorithm: SMSEMOA, problem: MyProblemDoubleExternalViaJAR, run: 0, funFile: experimentBaseDirectory/ExperimentsDoubleExternalViaJAR/data/SMSEMOA/MyProblemDoubleExternalViaJAR/FUN0.tsv</message>
</record>
<record>
  <date>2018-05-25T23:09:19</date>
  <millis>1527286159873</millis>
  <sequence>16</sequence>
  <logger>org.uma.jmetal.util.JMetalLogger</logger>
  <level>INFO</level>
  <class>org.uma.jmetal.util.experiment.util.ExperimentAlgorithm</class>
  <method>runAlgorithm</method>
  <thread>22</thread>
  <message> Running algorithm: MOCell, problem: MyProblemDoubleExternalViaJAR, run: 0, funFile: experimentBaseDirectory/ExperimentsDoubleExternalViaJAR/data/MOCell/MyProblemDoubleExternalViaJAR/FUN0.tsv</message>
</record>
<record>
  <date>2018-05-25T23:09:19</date>
  <millis>1527286159873</millis>
  <sequence>15</sequence>
  <logger>org.uma.jmetal.util.JMetalLogger</logger>
  <level>INFO</level>
  <class>org.uma.jmetal.util.experiment.util.ExperimentAlgorithm</class>
  <method>runAlgorithm</method>
  <thread>23</thread>
  <message> Running algorithm: PAES, problem: MyProblemDoubleExternalViaJAR, run: 0, funFile: experimentBaseDirectory/ExperimentsDoubleExternalViaJAR/data/PAES/MyProblemDoubleExternalViaJAR/FUN0.tsv</message>
</record>
<record>
  <date>2018-05-25T23:09:19</date>
  <millis>1527286159873</millis>
  <sequence>17</sequence>
  <logger>org.uma.jmetal.util.JMetalLogger</logger>
  <level>INFO</level>
  <class>org.uma.jmetal.util.experiment.util.ExperimentAlgorithm</class>
  <method>runAlgorithm</method>
  <thread>24</thread>
  <message> Running algorithm: IBEA, problem: MyProblemDoubleExternalViaJAR, run: 0, funFile: experimentBaseDirectory/ExperimentsDoubleExternalViaJAR/data/IBEA/MyProblemDoubleExternalViaJAR/FUN0.tsv</message>
</record>
<record>
  <date>2018-05-25T23:09:19</date>
  <millis>1527286159886</millis>
  <sequence>18</sequence>
  <logger>org.uma.jmetal.util.JMetalLogger</logger>
  <level>SEVERE</level>
  <class>org.uma.jmetal.util.JMetalException</class>
  <method>&lt;init&gt;</method>
  <thread>1</thread>
  <message>initializeUniformWeight: failed when reading for file: /W0D_300.dat</message>
  <exception>
    <message>java.lang.NullPointerException</message>
    <frame>
      <class>java.io.Reader</class>
      <method>&lt;init&gt;</method>
      <line>78</line>
    </frame>
    <frame>
      <class>java.io.InputStreamReader</class>
      <method>&lt;init&gt;</method>
      <line>72</line>
    </frame>
    <frame>
      <class>org.uma.jmetal.algorithm.multiobjective.moead.AbstractMOEAD</class>
      <method>initializeUniformWeight</method>
      <line>109</line>
    </frame>
    <frame>
      <class>org.uma.jmetal.algorithm.multiobjective.moead.MOEAD</class>
      <method>run</method>
      <line>46</line>
    </frame>
    <frame>
      <class>org.uma.jmetal.util.experiment.util.ExperimentAlgorithm</class>
      <method>runAlgorithm</method>
      <line>67</line>
    </frame>
    <frame>
      <class>org.uma.jmetal.util.experiment.component.ExecuteAlgorithms</class>
      <method>lambda$run$0</method>
      <line>42</line>
    </frame>
    <frame>
      <class>java.util.stream.ForEachOps$ForEachOp$OfRef</class>
      <method>accept</method>
      <line>184</line>
    </frame>
    <frame>
      <class>java.util.ArrayList$ArrayListSpliterator</class>
      <method>forEachRemaining</method>
      <line>1382</line>
    </frame>
    <frame>
      <class>java.util.stream.AbstractPipeline</class>
      <method>copyInto</method>
      <line>481</line>
    </frame>
    <frame>
      <class>java.util.stream.ForEachOps$ForEachTask</class>
      <method>compute</method>
      <line>291</line>
    </frame>
    <frame>
      <class>java.util.concurrent.CountedCompleter</class>
      <method>exec</method>
      <line>731</line>
    </frame>
    <frame>
      <class>java.util.concurrent.ForkJoinTask</class>
      <method>doExec</method>
      <line>289</line>
    </frame>
    <frame>
      <class>java.util.concurrent.ForkJoinTask</class>
      <method>doInvoke</method>
      <line>401</line>
    </frame>
    <frame>
      <class>java.util.concurrent.ForkJoinTask</class>
      <method>invoke</method>
      <line>734</line>
    </frame>
    <frame>
      <class>java.util.stream.ForEachOps$ForEachOp</class>
      <method>evaluateParallel</method>
      <line>160</line>
    </frame>
    <frame>
      <class>java.util.stream.ForEachOps$ForEachOp$OfRef</class>
      <method>evaluateParallel</method>
      <line>174</line>
    </frame>
    <frame>
      <class>java.util.stream.AbstractPipeline</class>
      <method>evaluate</method>
      <line>233</line>
    </frame>
    <frame>
      <class>java.util.stream.ReferencePipeline</class>
      <method>forEach</method>
      <line>418</line>
    </frame>
    <frame>
      <class>java.util.stream.ReferencePipeline$Head</class>
      <method>forEach</method>
      <line>583</line>
    </frame>
    <frame>
      <class>org.uma.jmetal.util.experiment.component.ExecuteAlgorithms</class>
      <method>run</method>
      <line>42</line>
    </frame>
    <frame>
      <class>jMetal.ExperimentsDoubleExternalViaJAR</class>
      <method>startOptimization</method>
      <line>78</line>
    </frame>
    <frame>
      <class>JUnitTests.ExperimentsDoubleExternalViaJARTest</class>
      <method>startOptimization</method>
      <line>49</line>
    </frame>
    <frame>
      <class>JUnitTests.ExperimentsDoubleExternalViaJARTest</class>
      <method>test</method>
      <line>59</line>
    </frame>
    <frame>
      <class>sun.reflect.NativeMethodAccessorImpl</class>
      <method>invoke0</method>
    </frame>
    <frame>
      <class>sun.reflect.NativeMethodAccessorImpl</class>
      <method>invoke</method>
      <line>62</line>
    </frame>
    <frame>
      <class>sun.reflect.DelegatingMethodAccessorImpl</class>
      <method>invoke</method>
      <line>43</line>
    </frame>
    <frame>
      <class>java.lang.reflect.Method</class>
      <method>invoke</method>
      <line>498</line>
    </frame>
    <frame>
      <class>org.junit.platform.commons.util.ReflectionUtils</class>
      <method>invokeMethod</method>
      <line>389</line>
    </frame>
    <frame>
      <class>org.junit.jupiter.engine.execution.ExecutableInvoker</class>
      <method>invoke</method>
      <line>115</line>
    </frame>
    <frame>
      <class>org.junit.jupiter.engine.descriptor.TestMethodTestDescriptor</class>
      <method>lambda$invokeTestMethod$6</method>
      <line>167</line>
    </frame>
    <frame>
      <class>org.junit.jupiter.engine.execution.ThrowableCollector</class>
      <method>execute</method>
      <line>40</line>
    </frame>
    <frame>
      <class>org.junit.jupiter.engine.descriptor.TestMethodTestDescriptor</class>
      <method>invokeTestMethod</method>
      <line>163</line>
    </frame>
    <frame>
      <class>org.junit.jupiter.engine.descriptor.TestMethodTestDescriptor</class>
      <method>execute</method>
      <line>110</line>
    </frame>
    <frame>
      <class>org.junit.jupiter.engine.descriptor.TestMethodTestDescriptor</class>
      <method>execute</method>
      <line>57</line>
    </frame>
    <frame>
      <class>org.junit.platform.engine.support.hierarchical.HierarchicalTestExecutor</class>
      <method>lambda$execute$3</method>
      <line>83</line>
    </frame>
    <frame>
      <class>org.junit.platform.engine.support.hierarchical.SingleTestExecutor</class>
      <method>executeSafely</method>
      <line>66</line>
    </frame>
    <frame>
      <class>org.junit.platform.engine.support.hierarchical.HierarchicalTestExecutor</class>
      <method>execute</method>
      <line>77</line>
    </frame>
    <frame>
      <class>org.junit.platform.engine.support.hierarchical.HierarchicalTestExecutor</class>
      <method>lambda$null$2</method>
      <line>92</line>
    </frame>
    <frame>
      <class>java.util.stream.ForEachOps$ForEachOp$OfRef</class>
      <method>accept</method>
      <line>184</line>
    </frame>
    <frame>
      <class>java.util.stream.ReferencePipeline$2$1</class>
      <method>accept</method>
      <line>175</line>
    </frame>
    <frame>
      <class>java.util.Iterator</class>
      <method>forEachRemaining</method>
      <line>116</line>
    </frame>
    <frame>
      <class>java.util.Spliterators$IteratorSpliterator</class>
      <method>forEachRemaining</method>
      <line>1801</line>
    </frame>
    <frame>
      <class>java.util.stream.AbstractPipeline</class>
      <method>copyInto</method>
      <line>481</line>
    </frame>
    <frame>
      <class>java.util.stream.AbstractPipeline</class>
      <method>wrapAndCopyInto</method>
      <line>471</line>
    </frame>
    <frame>
      <class>java.util.stream.ForEachOps$ForEachOp</class>
      <method>evaluateSequential</method>
      <line>151</line>
    </frame>
    <frame>
      <class>java.util.stream.ForEachOps$ForEachOp$OfRef</class>
      <method>evaluateSequential</method>
      <line>174</line>
    </frame>
    <frame>
      <class>java.util.stream.AbstractPipeline</class>
      <method>evaluate</method>
      <line>234</line>
    </frame>
    <frame>
      <class>java.util.stream.ReferencePipeline</class>
      <method>forEach</method>
      <line>418</line>
    </frame>
    <frame>
      <class>org.junit.platform.engine.support.hierarchical.HierarchicalTestExecutor</class>
      <method>lambda$execute$3</method>
      <line>92</line>
    </frame>
    <frame>
      <class>org.junit.platform.engine.support.hierarchical.SingleTestExecutor</class>
      <method>executeSafely</method>
      <line>66</line>
    </frame>
    <frame>
      <class>org.junit.platform.engine.support.hierarchical.HierarchicalTestExecutor</class>
      <method>execute</method>
      <line>77</line>
    </frame>
    <frame>
      <class>org.junit.platform.engine.support.hierarchical.HierarchicalTestExecutor</class>
      <method>lambda$null$2</method>
      <line>92</line>
    </frame>
    <frame>
      <class>java.util.stream.ForEachOps$ForEachOp$OfRef</class>
      <method>accept</method>
      <line>184</line>
    </frame>
    <frame>
      <class>java.util.stream.ReferencePipeline$2$1</class>
      <method>accept</method>
      <line>175</line>
    </frame>
    <frame>
      <class>java.util.Iterator</class>
      <method>forEachRemaining</method>
      <line>116</line>
    </frame>
    <frame>
      <class>java.util.Spliterators$IteratorSpliterator</class>
      <method>forEachRemaining</method>
      <line>1801</line>
    </frame>
    <frame>
      <class>java.util.stream.AbstractPipeline</class>
      <method>copyInto</method>
      <line>481</line>
    </frame>
    <frame>
      <class>java.util.stream.AbstractPipeline</class>
      <method>wrapAndCopyInto</method>
      <line>471</line>
    </frame>
    <frame>
      <class>java.util.stream.ForEachOps$ForEachOp</class>
      <method>evaluateSequential</method>
      <line>151</line>
    </frame>
    <frame>
      <class>java.util.stream.ForEachOps$ForEachOp$OfRef</class>
      <method>evaluateSequential</method>
      <line>174</line>
    </frame>
    <frame>
      <class>java.util.stream.AbstractPipeline</class>
      <method>evaluate</method>
      <line>234</line>
    </frame>
    <frame>
      <class>java.util.stream.ReferencePipeline</class>
      <method>forEach</method>
      <line>418</line>
    </frame>
    <frame>
      <class>org.junit.platform.engine.support.hierarchical.HierarchicalTestExecutor</class>
      <method>lambda$execute$3</method>
      <line>92</line>
    </frame>
    <frame>
      <class>org.junit.platform.engine.support.hierarchical.SingleTestExecutor</class>
      <method>executeSafely</method>
      <line>66</line>
    </frame>
    <frame>
      <class>org.junit.platform.engine.support.hierarchical.HierarchicalTestExecutor</class>
      <method>execute</method>
      <line>77</line>
    </frame>
    <frame>
      <class>org.junit.platform.engine.support.hierarchical.HierarchicalTestExecutor</class>
      <method>execute</method>
      <line>51</line>
    </frame>
    <frame>
      <class>org.junit.platform.engine.support.hierarchical.HierarchicalTestEngine</class>
      <method>execute</method>
      <line>43</line>
    </frame>
    <frame>
      <class>org.junit.platform.launcher.core.DefaultLauncher</class>
      <method>execute</method>
      <line>170</line>
    </frame>
    <frame>
      <class>org.junit.platform.launcher.core.DefaultLauncher</class>
      <method>execute</method>
      <line>154</line>
    </frame>
    <frame>
      <class>org.junit.platform.launcher.core.DefaultLauncher</class>
      <method>execute</method>
      <line>90</line>
    </frame>
    <frame>
      <class>org.eclipse.jdt.internal.junit5.runner.JUnit5TestReference</class>
      <method>run</method>
      <line>86</line>
    </frame>
    <frame>
      <class>org.eclipse.jdt.internal.junit.runner.TestExecution</class>
      <method>run</method>
      <line>38</line>
    </frame>
    <frame>
      <class>org.eclipse.jdt.internal.junit.runner.RemoteTestRunner</class>
      <method>runTests</method>
      <line>538</line>
    </frame>
    <frame>
      <class>org.eclipse.jdt.internal.junit.runner.RemoteTestRunner</class>
      <method>runTests</method>
      <line>760</line>
    </frame>
    <frame>
      <class>org.eclipse.jdt.internal.junit.runner.RemoteTestRunner</class>
      <method>run</method>
      <line>460</line>
    </frame>
    <frame>
      <class>org.eclipse.jdt.internal.junit.runner.RemoteTestRunner</class>
      <method>main</method>
      <line>206</line>
    </frame>
  </exception>
</record>
</log>
